[debug] [2025-09-22T17:44:25.015Z] ----------------------------------------------------------------------
[debug] [2025-09-22T17:44:25.020Z] Command:       /Users/franciskouaho/.nvm/versions/node/v23.9.0/bin/node /Users/franciskouaho/.nvm/versions/node/v23.9.0/bin/firebase hosting:channel:list
[debug] [2025-09-22T17:44:25.020Z] CLI Version:   14.2.2
[debug] [2025-09-22T17:44:25.021Z] Platform:      darwin
[debug] [2025-09-22T17:44:25.021Z] Node Version:  v23.9.0
[debug] [2025-09-22T17:44:25.021Z] Time:          Mon Sep 22 2025 19:44:25 GMT+0200 (Central European Summer Time)
[debug] [2025-09-22T17:44:25.021Z] ----------------------------------------------------------------------
[debug] 
[debug] [2025-09-22T17:44:25.022Z] >>> [apiv2][query] GET https://firebase-public.firebaseio.com/cli.json [none]
[debug] [2025-09-22T17:44:25.149Z] > command requires scopes: ["email","openid","https://www.googleapis.com/auth/cloudplatformprojects.readonly","https://www.googleapis.com/auth/firebase","https://www.googleapis.com/auth/cloud-platform"]
[debug] [2025-09-22T17:44:25.149Z] > authorizing via signed-in user (kouahofrancisndah@gmail.com)
[debug] [2025-09-22T17:44:25.149Z] [iam] checking project love-dice-7a878 for permissions ["firebase.projects.get","firebasehosting.sites.update"]
[debug] [2025-09-22T17:44:25.150Z] Checked if tokens are valid: false, expires at: 1746451447092
[debug] [2025-09-22T17:44:25.150Z] Checked if tokens are valid: false, expires at: 1746451447092
[debug] [2025-09-22T17:44:25.150Z] > refreshing access token with scopes: []
[debug] [2025-09-22T17:44:25.150Z] >>> [apiv2][query] POST https://www.googleapis.com/oauth2/v3/token [none]
[debug] [2025-09-22T17:44:25.150Z] >>> [apiv2][body] POST https://www.googleapis.com/oauth2/v3/token [omitted]
[debug] [2025-09-22T17:44:25.250Z] <<< [apiv2][status] POST https://www.googleapis.com/oauth2/v3/token 200
[debug] [2025-09-22T17:44:25.250Z] <<< [apiv2][body] POST https://www.googleapis.com/oauth2/v3/token [omitted]
[debug] [2025-09-22T17:44:25.270Z] >>> [apiv2][query] POST https://cloudresourcemanager.googleapis.com/v1/projects/love-dice-7a878:testIamPermissions [none]
[debug] [2025-09-22T17:44:25.270Z] >>> [apiv2][(partial)header] POST https://cloudresourcemanager.googleapis.com/v1/projects/love-dice-7a878:testIamPermissions x-goog-quota-user=projects/love-dice-7a878
[debug] [2025-09-22T17:44:25.270Z] >>> [apiv2][body] POST https://cloudresourcemanager.googleapis.com/v1/projects/love-dice-7a878:testIamPermissions {"permissions":["firebase.projects.get","firebasehosting.sites.update"]}
[debug] [2025-09-22T17:44:25.402Z] <<< [apiv2][status] GET https://firebase-public.firebaseio.com/cli.json 200
[debug] [2025-09-22T17:44:25.402Z] <<< [apiv2][body] GET https://firebase-public.firebaseio.com/cli.json {"cloudBuildErrorAfter":1594252800000,"cloudBuildWarnAfter":1590019200000,"defaultNode10After":1594252800000,"minVersion":"3.0.5","node8DeploysDisabledAfter":1613390400000,"node8RuntimeDisabledAfter":1615809600000,"node8WarnAfter":1600128000000}
[debug] [2025-09-22T17:44:25.583Z] <<< [apiv2][status] POST https://cloudresourcemanager.googleapis.com/v1/projects/love-dice-7a878:testIamPermissions 200
[debug] [2025-09-22T17:44:25.583Z] <<< [apiv2][body] POST https://cloudresourcemanager.googleapis.com/v1/projects/love-dice-7a878:testIamPermissions {}
[debug] [2025-09-22T17:44:25.584Z] [iam] error while checking permissions, command may fail: Authorization failed. This account is missing the following required permissions on project love-dice-7a878:

  firebase.projects.get
  firebasehosting.sites.update
[debug] [2025-09-22T17:44:25.584Z] Checked if tokens are valid: true, expires at: 1758566664250
[debug] [2025-09-22T17:44:25.584Z] Checked if tokens are valid: true, expires at: 1758566664250
[debug] [2025-09-22T17:44:25.584Z] >>> [apiv2][query] GET https://firebase.googleapis.com/v1beta1/projects/love-dice-7a878 [none]
[debug] [2025-09-22T17:44:25.894Z] <<< [apiv2][status] GET https://firebase.googleapis.com/v1beta1/projects/love-dice-7a878 403
[debug] [2025-09-22T17:44:25.894Z] <<< [apiv2][body] GET https://firebase.googleapis.com/v1beta1/projects/love-dice-7a878 {"error":{"code":403,"message":"The caller does not have permission","status":"PERMISSION_DENIED"}}
[debug] [2025-09-22T17:44:25.895Z] Request to https://firebase.googleapis.com/v1beta1/projects/love-dice-7a878 had HTTP Error: 403, The caller does not have permission
[debug] [2025-09-22T17:44:25.962Z] FirebaseError: Request to https://firebase.googleapis.com/v1beta1/projects/love-dice-7a878 had HTTP Error: 403, The caller does not have permission
    at responseToError (/Users/franciskouaho/.nvm/versions/node/v23.9.0/lib/node_modules/firebase-tools/lib/responseToError.js:52:12)
    at RetryOperation._fn (/Users/franciskouaho/.nvm/versions/node/v23.9.0/lib/node_modules/firebase-tools/lib/apiv2.js:312:77)
    at process.processTicksAndRejections (node:internal/process/task_queues:105:5)
[error] 
[error] Error: Failed to get Firebase project love-dice-7a878. Please make sure the project exists and your account has permission to access it.
